<?xml version="1.0" encoding="UTF-8"?>
<testng-results skipped="0" failed="0" ignored="19" total="29" passed="10">
  <reporter-output>
  </reporter-output>
  <suite name="DropboxTestingSuite" duration-ms="103729" started-at="2018-09-22T17:57:37Z" finished-at="2018-09-22T17:59:21Z">
    <groups>
    </groups>
    <test name="LogInLogOutTests" duration-ms="23047" started-at="2018-09-22T17:57:37Z" finished-at="2018-09-22T17:58:00Z">
      <class name="tests.LoginLogoutTests">
        <test-method status="PASS" signature="testSetup(org.testng.ITestContext)[pri:0, instance:tests.LoginLogoutTests@1bce4f0a]" name="testSetup" is-config="true" duration-ms="4417" started-at="2018-09-22T17:57:37Z" finished-at="2018-09-22T17:57:41Z">
          <params>
            <param index="0">
              <value>
                <![CDATA[org.testng.TestRunner@348d18a3]]>
              </value>
            </param>
          </params>
          <reporter-output>
          </reporter-output>
        </test-method> <!-- testSetup -->
        <test-method status="PASS" signature="logIn(java.lang.String, java.lang.String, java.lang.String, java.lang.String)[pri:0, instance:tests.LoginLogoutTests@1bce4f0a]" name="logIn" duration-ms="10531" started-at="2018-09-22T17:57:41Z" finished-at="2018-09-22T17:57:52Z">
          <params>
            <param index="0">
              <value>
                <![CDATA[https://www.dropbox.com/login]]>
              </value>
            </param>
            <param index="1">
              <value>
                <![CDATA[https://www.dropbox.com/h]]>
              </value>
            </param>
            <param index="2">
              <value>
                <![CDATA[vadym.butlerovskyi@gmail.com]]>
              </value>
            </param>
            <param index="3">
              <value>
                <![CDATA[Qwerty123]]>
              </value>
            </param>
          </params>
          <reporter-output>
          </reporter-output>
        </test-method> <!-- logIn -->
        <test-method status="PASS" signature="logOut(java.lang.String)[pri:0, instance:tests.LoginLogoutTests@1bce4f0a]" name="logOut" duration-ms="7293" started-at="2018-09-22T17:57:52Z" finished-at="2018-09-22T17:57:59Z">
          <params>
            <param index="0">
              <value>
                <![CDATA[https://www.dropbox.com/login]]>
              </value>
            </param>
          </params>
          <reporter-output>
          </reporter-output>
        </test-method> <!-- logOut -->
        <test-method status="PASS" signature="cleanUp()[pri:0, instance:tests.LoginLogoutTests@1bce4f0a]" name="cleanUp" is-config="true" duration-ms="789" started-at="2018-09-22T17:57:59Z" finished-at="2018-09-22T17:58:00Z">
          <reporter-output>
          </reporter-output>
        </test-method> <!-- cleanUp -->
      </class> <!-- tests.LoginLogoutTests -->
    </test> <!-- LogInLogOutTests -->
    <test name="UploadFileTest" duration-ms="26911" started-at="2018-09-22T17:58:00Z" finished-at="2018-09-22T17:58:27Z">
      <class name="tests.LoginLogoutTests">
        <test-method status="PASS" signature="testSetup(org.testng.ITestContext)[pri:0, instance:tests.LoginLogoutTests@4f7d0008]" name="testSetup" is-config="true" duration-ms="3526" started-at="2018-09-22T17:58:00Z" finished-at="2018-09-22T17:58:04Z">
          <params>
            <param index="0">
              <value>
                <![CDATA[org.testng.TestRunner@6c65860d]]>
              </value>
            </param>
          </params>
          <reporter-output>
          </reporter-output>
        </test-method> <!-- testSetup -->
        <test-method status="PASS" signature="logIn(java.lang.String, java.lang.String, java.lang.String, java.lang.String)[pri:0, instance:tests.LoginLogoutTests@4f7d0008]" name="logIn" duration-ms="10279" started-at="2018-09-22T17:58:04Z" finished-at="2018-09-22T17:58:14Z">
          <params>
            <param index="0">
              <value>
                <![CDATA[https://www.dropbox.com/login]]>
              </value>
            </param>
            <param index="1">
              <value>
                <![CDATA[https://www.dropbox.com/h]]>
              </value>
            </param>
            <param index="2">
              <value>
                <![CDATA[vadym.butlerovskyi@gmail.com]]>
              </value>
            </param>
            <param index="3">
              <value>
                <![CDATA[Qwerty123]]>
              </value>
            </param>
          </params>
          <reporter-output>
          </reporter-output>
        </test-method> <!-- logIn -->
        <test-method status="PASS" signature="cleanUp()[pri:0, instance:tests.LoginLogoutTests@4f7d0008]" name="cleanUp" is-config="true" duration-ms="1038" started-at="2018-09-22T17:58:26Z" finished-at="2018-09-22T17:58:27Z">
          <reporter-output>
          </reporter-output>
        </test-method> <!-- cleanUp -->
      </class> <!-- tests.LoginLogoutTests -->
      <class name="tests.UploadFileTests">
        <test-method status="PASS" signature="uploadFile(java.lang.String, java.lang.String, java.lang.String)[pri:0, instance:tests.UploadFileTests@271053e1]" name="uploadFile" duration-ms="12065" started-at="2018-09-22T17:58:14Z" finished-at="2018-09-22T17:58:26Z">
          <params>
            <param index="0">
              <value>
                <![CDATA[/files/]]>
              </value>
            </param>
            <param index="1">
              <value>
                <![CDATA[boats.jpg]]>
              </value>
            </param>
            <param index="2">
              <value>
                <![CDATA[TestFolder]]>
              </value>
            </param>
          </params>
          <reporter-output>
          </reporter-output>
        </test-method> <!-- uploadFile -->
      </class> <!-- tests.UploadFileTests -->
    </test> <!-- UploadFileTest -->
    <test name="CreateFolderTest" duration-ms="20232" started-at="2018-09-22T17:58:27Z" finished-at="2018-09-22T17:58:47Z">
      <class name="tests.LoginLogoutTests">
        <test-method status="PASS" signature="testSetup(org.testng.ITestContext)[pri:0, instance:tests.LoginLogoutTests@3fee9989]" name="testSetup" is-config="true" duration-ms="3540" started-at="2018-09-22T17:58:27Z" finished-at="2018-09-22T17:58:30Z">
          <params>
            <param index="0">
              <value>
                <![CDATA[org.testng.TestRunner@2d000e80]]>
              </value>
            </param>
          </params>
          <reporter-output>
          </reporter-output>
        </test-method> <!-- testSetup -->
        <test-method status="PASS" signature="logIn(java.lang.String, java.lang.String, java.lang.String, java.lang.String)[pri:0, instance:tests.LoginLogoutTests@3fee9989]" name="logIn" duration-ms="10323" started-at="2018-09-22T17:58:30Z" finished-at="2018-09-22T17:58:41Z">
          <params>
            <param index="0">
              <value>
                <![CDATA[https://www.dropbox.com/login]]>
              </value>
            </param>
            <param index="1">
              <value>
                <![CDATA[https://www.dropbox.com/h]]>
              </value>
            </param>
            <param index="2">
              <value>
                <![CDATA[vadym.butlerovskyi@gmail.com]]>
              </value>
            </param>
            <param index="3">
              <value>
                <![CDATA[Qwerty123]]>
              </value>
            </param>
          </params>
          <reporter-output>
          </reporter-output>
        </test-method> <!-- logIn -->
        <test-method status="PASS" signature="cleanUp()[pri:0, instance:tests.LoginLogoutTests@3fee9989]" name="cleanUp" is-config="true" duration-ms="781" started-at="2018-09-22T17:58:46Z" finished-at="2018-09-22T17:58:47Z">
          <reporter-output>
          </reporter-output>
        </test-method> <!-- cleanUp -->
      </class> <!-- tests.LoginLogoutTests -->
      <class name="tests.CreateNewFolderTests">
        <test-method status="PASS" signature="createNewFolder(java.lang.String)[pri:0, instance:tests.CreateNewFolderTests@73ad2d6]" name="createNewFolder" duration-ms="5584" started-at="2018-09-22T17:58:41Z" finished-at="2018-09-22T17:58:46Z">
          <params>
            <param index="0">
              <value>
                <![CDATA[TestFolder]]>
              </value>
            </param>
          </params>
          <reporter-output>
          </reporter-output>
        </test-method> <!-- createNewFolder -->
      </class> <!-- tests.CreateNewFolderTests -->
    </test> <!-- CreateFolderTest -->
    <test name="SearchAndDelete" duration-ms="33466" started-at="2018-09-22T17:58:47Z" finished-at="2018-09-22T17:59:21Z">
      <class name="tests.LoginLogoutTests">
        <test-method status="PASS" signature="extentReportSetup()[pri:0, instance:tests.LoginLogoutTests@31a5c39e]" name="extentReportSetup" is-config="true" duration-ms="167" started-at="2018-09-22T17:57:37Z" finished-at="2018-09-22T17:57:37Z">
          <reporter-output>
          </reporter-output>
        </test-method> <!-- extentReportSetup -->
        <test-method status="PASS" signature="testSetup(org.testng.ITestContext)[pri:0, instance:tests.LoginLogoutTests@31a5c39e]" name="testSetup" is-config="true" duration-ms="3535" started-at="2018-09-22T17:58:47Z" finished-at="2018-09-22T17:58:51Z">
          <params>
            <param index="0">
              <value>
                <![CDATA[org.testng.TestRunner@7cf283e1]]>
              </value>
            </param>
          </params>
          <reporter-output>
          </reporter-output>
        </test-method> <!-- testSetup -->
        <test-method status="PASS" signature="logIn(java.lang.String, java.lang.String, java.lang.String, java.lang.String)[pri:0, instance:tests.LoginLogoutTests@31a5c39e]" name="logIn" duration-ms="10643" started-at="2018-09-22T17:58:51Z" finished-at="2018-09-22T17:59:01Z">
          <params>
            <param index="0">
              <value>
                <![CDATA[https://www.dropbox.com/login]]>
              </value>
            </param>
            <param index="1">
              <value>
                <![CDATA[https://www.dropbox.com/h]]>
              </value>
            </param>
            <param index="2">
              <value>
                <![CDATA[vadym.butlerovskyi@gmail.com]]>
              </value>
            </param>
            <param index="3">
              <value>
                <![CDATA[Qwerty123]]>
              </value>
            </param>
          </params>
          <reporter-output>
          </reporter-output>
        </test-method> <!-- logIn -->
        <test-method status="PASS" signature="cleanUp()[pri:0, instance:tests.LoginLogoutTests@31a5c39e]" name="cleanUp" is-config="true" duration-ms="780" started-at="2018-09-22T17:59:20Z" finished-at="2018-09-22T17:59:21Z">
          <reporter-output>
          </reporter-output>
        </test-method> <!-- cleanUp -->
        <test-method status="PASS" signature="afterSuite()[pri:0, instance:tests.LoginLogoutTests@31a5c39e]" name="afterSuite" is-config="true" duration-ms="285" started-at="2018-09-22T17:59:21Z" finished-at="2018-09-22T17:59:21Z">
          <reporter-output>
          </reporter-output>
        </test-method> <!-- afterSuite -->
      </class> <!-- tests.LoginLogoutTests -->
      <class name="tests.SearchAndDeleteFileTests">
        <test-method status="PASS" signature="deleteItem(java.lang.String, java.lang.String, java.lang.String, java.lang.String)[pri:0, instance:tests.SearchAndDeleteFileTests@1e397ed7]" name="deleteItem" duration-ms="7762" started-at="2018-09-22T17:59:09Z" finished-at="2018-09-22T17:59:17Z">
          <params>
            <param index="0">
              <value>
                <![CDATA[boats.jpg]]>
              </value>
            </param>
            <param index="1">
              <value>
                <![CDATA[TestFolder]]>
              </value>
            </param>
            <param index="2">
              <value>
                <![CDATA[Deleted 1 item. Undo]]>
              </value>
            </param>
            <param index="3">
              <value>
                <![CDATA[No results found]]>
              </value>
            </param>
          </params>
          <reporter-output>
          </reporter-output>
        </test-method> <!-- deleteItem -->
        <test-method status="PASS" signature="undoDelete(java.lang.String, java.lang.String, java.lang.String)[pri:0, instance:tests.SearchAndDeleteFileTests@1e397ed7]" name="undoDelete" duration-ms="2774" started-at="2018-09-22T17:59:17Z" finished-at="2018-09-22T17:59:20Z">
          <params>
            <param index="0">
              <value>
                <![CDATA[boats.jpg]]>
              </value>
            </param>
            <param index="1">
              <value>
                <![CDATA[TestFolder]]>
              </value>
            </param>
            <param index="2">
              <value>
                <![CDATA[Undo complete.]]>
              </value>
            </param>
          </params>
          <reporter-output>
          </reporter-output>
        </test-method> <!-- undoDelete -->
      </class> <!-- tests.SearchAndDeleteFileTests -->
      <class name="tests.CreateNewFolderTests">
        <test-method status="PASS" signature="createNewFolder(java.lang.String)[pri:0, instance:tests.CreateNewFolderTests@3f49dace]" name="createNewFolder" duration-ms="7968" started-at="2018-09-22T17:59:01Z" finished-at="2018-09-22T17:59:09Z">
          <params>
            <param index="0">
              <value>
                <![CDATA[TestFolder]]>
              </value>
            </param>
          </params>
          <reporter-output>
          </reporter-output>
        </test-method> <!-- createNewFolder -->
      </class> <!-- tests.CreateNewFolderTests -->
    </test> <!-- SearchAndDelete -->
  </suite> <!-- DropboxTestingSuite -->
</testng-results>
