<?xml version="1.0" encoding="UTF-8"?>
<testng-results skipped="0" failed="0" ignored="11" total="21" passed="10">
  <reporter-output>
  </reporter-output>
  <suite name="DropboxTestingSuite" duration-ms="109056" started-at="2018-09-21T18:39:57Z" finished-at="2018-09-21T18:41:46Z">
    <groups>
    </groups>
    <test name="LogInLogOutTests" duration-ms="23973" started-at="2018-09-21T18:39:57Z" finished-at="2018-09-21T18:40:21Z">
      <class name="tests.LoginLogoutTests">
        <test-method status="PASS" signature="testSetup()[pri:0, instance:tests.LoginLogoutTests@42d80b78]" name="testSetup" is-config="true" duration-ms="4990" started-at="2018-09-21T18:39:57Z" finished-at="2018-09-21T18:40:02Z">
          <reporter-output>
          </reporter-output>
        </test-method> <!-- testSetup -->
        <test-method status="PASS" signature="logIn(java.lang.String, java.lang.String, java.lang.String, java.lang.String)[pri:0, instance:tests.LoginLogoutTests@42d80b78]" name="logIn" duration-ms="11137" started-at="2018-09-21T18:40:02Z" finished-at="2018-09-21T18:40:13Z">
          <params>
            <param index="0">
              <value>
                <![CDATA[https://www.dropbox.com/login]]>
              </value>
            </param>
            <param index="1">
              <value>
                <![CDATA[https://www.dropbox.com/h]]>
              </value>
            </param>
            <param index="2">
              <value>
                <![CDATA[vadym.butlerovskyi@gmail.com]]>
              </value>
            </param>
            <param index="3">
              <value>
                <![CDATA[Qwerty123]]>
              </value>
            </param>
          </params>
          <reporter-output>
          </reporter-output>
        </test-method> <!-- logIn -->
        <test-method status="PASS" signature="logOut(java.lang.String)[pri:0, instance:tests.LoginLogoutTests@42d80b78]" name="logOut" duration-ms="6930" started-at="2018-09-21T18:40:13Z" finished-at="2018-09-21T18:40:20Z">
          <params>
            <param index="0">
              <value>
                <![CDATA[https://www.dropbox.com/login]]>
              </value>
            </param>
          </params>
          <reporter-output>
          </reporter-output>
        </test-method> <!-- logOut -->
        <test-method status="PASS" signature="cleanUp()[pri:0, instance:tests.LoginLogoutTests@42d80b78]" name="cleanUp" is-config="true" duration-ms="889" started-at="2018-09-21T18:40:20Z" finished-at="2018-09-21T18:40:21Z">
          <reporter-output>
          </reporter-output>
        </test-method> <!-- cleanUp -->
      </class> <!-- tests.LoginLogoutTests -->
    </test> <!-- LogInLogOutTests -->
    <test name="UploadFileTest" duration-ms="25653" started-at="2018-09-21T18:40:21Z" finished-at="2018-09-21T18:40:46Z">
      <class name="tests.LoginLogoutTests">
        <test-method status="PASS" signature="testSetup()[pri:0, instance:tests.LoginLogoutTests@5f341870]" name="testSetup" is-config="true" duration-ms="3755" started-at="2018-09-21T18:40:21Z" finished-at="2018-09-21T18:40:25Z">
          <reporter-output>
          </reporter-output>
        </test-method> <!-- testSetup -->
        <test-method status="PASS" signature="logIn(java.lang.String, java.lang.String, java.lang.String, java.lang.String)[pri:0, instance:tests.LoginLogoutTests@5f341870]" name="logIn" duration-ms="9300" started-at="2018-09-21T18:40:25Z" finished-at="2018-09-21T18:40:34Z">
          <params>
            <param index="0">
              <value>
                <![CDATA[https://www.dropbox.com/login]]>
              </value>
            </param>
            <param index="1">
              <value>
                <![CDATA[https://www.dropbox.com/h]]>
              </value>
            </param>
            <param index="2">
              <value>
                <![CDATA[vadym.butlerovskyi@gmail.com]]>
              </value>
            </param>
            <param index="3">
              <value>
                <![CDATA[Qwerty123]]>
              </value>
            </param>
          </params>
          <reporter-output>
          </reporter-output>
        </test-method> <!-- logIn -->
        <test-method status="PASS" signature="cleanUp()[pri:0, instance:tests.LoginLogoutTests@5f341870]" name="cleanUp" is-config="true" duration-ms="857" started-at="2018-09-21T18:40:46Z" finished-at="2018-09-21T18:40:46Z">
          <reporter-output>
          </reporter-output>
        </test-method> <!-- cleanUp -->
      </class> <!-- tests.LoginLogoutTests -->
      <class name="tests.UploadFileTests">
        <test-method status="PASS" signature="uploadFile(java.lang.String, java.lang.String, java.lang.String)[pri:0, instance:tests.UploadFileTests@553f17c]" name="uploadFile" duration-ms="11733" started-at="2018-09-21T18:40:34Z" finished-at="2018-09-21T18:40:46Z">
          <params>
            <param index="0">
              <value>
                <![CDATA[/files/]]>
              </value>
            </param>
            <param index="1">
              <value>
                <![CDATA[boats.jpg]]>
              </value>
            </param>
            <param index="2">
              <value>
                <![CDATA[TestFolder]]>
              </value>
            </param>
          </params>
          <reporter-output>
          </reporter-output>
        </test-method> <!-- uploadFile -->
      </class> <!-- tests.UploadFileTests -->
    </test> <!-- UploadFileTest -->
    <test name="CreateFolderTest" duration-ms="21730" started-at="2018-09-21T18:40:46Z" finished-at="2018-09-21T18:41:08Z">
      <class name="tests.LoginLogoutTests">
        <test-method status="PASS" signature="testSetup()[pri:0, instance:tests.LoginLogoutTests@4cf777e8]" name="testSetup" is-config="true" duration-ms="3850" started-at="2018-09-21T18:40:46Z" finished-at="2018-09-21T18:40:50Z">
          <reporter-output>
          </reporter-output>
        </test-method> <!-- testSetup -->
        <test-method status="PASS" signature="logIn(java.lang.String, java.lang.String, java.lang.String, java.lang.String)[pri:0, instance:tests.LoginLogoutTests@4cf777e8]" name="logIn" duration-ms="9405" started-at="2018-09-21T18:40:50Z" finished-at="2018-09-21T18:41:00Z">
          <params>
            <param index="0">
              <value>
                <![CDATA[https://www.dropbox.com/login]]>
              </value>
            </param>
            <param index="1">
              <value>
                <![CDATA[https://www.dropbox.com/h]]>
              </value>
            </param>
            <param index="2">
              <value>
                <![CDATA[vadym.butlerovskyi@gmail.com]]>
              </value>
            </param>
            <param index="3">
              <value>
                <![CDATA[Qwerty123]]>
              </value>
            </param>
          </params>
          <reporter-output>
          </reporter-output>
        </test-method> <!-- logIn -->
        <test-method status="PASS" signature="cleanUp()[pri:0, instance:tests.LoginLogoutTests@4cf777e8]" name="cleanUp" is-config="true" duration-ms="892" started-at="2018-09-21T18:41:07Z" finished-at="2018-09-21T18:41:08Z">
          <reporter-output>
          </reporter-output>
        </test-method> <!-- cleanUp -->
      </class> <!-- tests.LoginLogoutTests -->
      <class name="tests.CreateNewFolderTests">
        <test-method status="PASS" signature="createNewFolder(java.lang.String)[pri:0, instance:tests.CreateNewFolderTests@2f686d1f]" name="createNewFolder" duration-ms="7578" started-at="2018-09-21T18:41:00Z" finished-at="2018-09-21T18:41:07Z">
          <params>
            <param index="0">
              <value>
                <![CDATA[TestFolder]]>
              </value>
            </param>
          </params>
          <reporter-output>
          </reporter-output>
        </test-method> <!-- createNewFolder -->
      </class> <!-- tests.CreateNewFolderTests -->
    </test> <!-- CreateFolderTest -->
    <test name="SearchAndDelete" duration-ms="37616" started-at="2018-09-21T18:41:08Z" finished-at="2018-09-21T18:41:46Z">
      <class name="tests.LoginLogoutTests">
        <test-method status="PASS" signature="testSetup()[pri:0, instance:tests.LoginLogoutTests@e45f292]" name="testSetup" is-config="true" duration-ms="3808" started-at="2018-09-21T18:41:08Z" finished-at="2018-09-21T18:41:12Z">
          <reporter-output>
          </reporter-output>
        </test-method> <!-- testSetup -->
        <test-method status="PASS" signature="logIn(java.lang.String, java.lang.String, java.lang.String, java.lang.String)[pri:0, instance:tests.LoginLogoutTests@e45f292]" name="logIn" duration-ms="10479" started-at="2018-09-21T18:41:12Z" finished-at="2018-09-21T18:41:22Z">
          <params>
            <param index="0">
              <value>
                <![CDATA[https://www.dropbox.com/login]]>
              </value>
            </param>
            <param index="1">
              <value>
                <![CDATA[https://www.dropbox.com/h]]>
              </value>
            </param>
            <param index="2">
              <value>
                <![CDATA[vadym.butlerovskyi@gmail.com]]>
              </value>
            </param>
            <param index="3">
              <value>
                <![CDATA[Qwerty123]]>
              </value>
            </param>
          </params>
          <reporter-output>
          </reporter-output>
        </test-method> <!-- logIn -->
        <test-method status="PASS" signature="cleanUp()[pri:0, instance:tests.LoginLogoutTests@e45f292]" name="cleanUp" is-config="true" duration-ms="892" started-at="2018-09-21T18:41:45Z" finished-at="2018-09-21T18:41:46Z">
          <reporter-output>
          </reporter-output>
        </test-method> <!-- cleanUp -->
      </class> <!-- tests.LoginLogoutTests -->
      <class name="tests.SearchAndDeleteFileTests">
        <test-method status="PASS" signature="deleteItem(java.lang.String, java.lang.String, java.lang.String, java.lang.String, java.lang.String)[pri:0, instance:tests.SearchAndDeleteFileTests@31a5c39e]" name="deleteItem" duration-ms="8834" started-at="2018-09-21T18:41:30Z" finished-at="2018-09-21T18:41:39Z">
          <params>
            <param index="0">
              <value>
                <![CDATA[boats.jpg]]>
              </value>
            </param>
            <param index="1">
              <value>
                <![CDATA[TestFolder]]>
              </value>
            </param>
            <param index="2">
              <value>
                <![CDATA[Deleted 1 item. Undo]]>
              </value>
            </param>
            <param index="3">
              <value>
                <![CDATA[Undo complete.]]>
              </value>
            </param>
            <param index="4">
              <value>
                <![CDATA[No results found]]>
              </value>
            </param>
          </params>
          <reporter-output>
          </reporter-output>
        </test-method> <!-- deleteItem -->
        <test-method status="PASS" signature="undoDelete(java.lang.String, java.lang.String)[pri:0, instance:tests.SearchAndDeleteFileTests@31a5c39e]" name="undoDelete" duration-ms="5608" started-at="2018-09-21T18:41:39Z" finished-at="2018-09-21T18:41:45Z">
          <params>
            <param index="0">
              <value>
                <![CDATA[boats.jpg]]>
              </value>
            </param>
            <param index="1">
              <value>
                <![CDATA[TestFolder]]>
              </value>
            </param>
          </params>
          <reporter-output>
          </reporter-output>
        </test-method> <!-- undoDelete -->
      </class> <!-- tests.SearchAndDeleteFileTests -->
      <class name="tests.CreateNewFolderTests">
        <test-method status="PASS" signature="createNewFolder(java.lang.String)[pri:0, instance:tests.CreateNewFolderTests@5f2108b5]" name="createNewFolder" duration-ms="7990" started-at="2018-09-21T18:41:22Z" finished-at="2018-09-21T18:41:30Z">
          <params>
            <param index="0">
              <value>
                <![CDATA[TestFolder]]>
              </value>
            </param>
          </params>
          <reporter-output>
          </reporter-output>
        </test-method> <!-- createNewFolder -->
      </class> <!-- tests.CreateNewFolderTests -->
    </test> <!-- SearchAndDelete -->
  </suite> <!-- DropboxTestingSuite -->
</testng-results>
