<?xml version="1.0" encoding="UTF-8"?>
<!-- Generated by org.testng.reporters.JUnitXMLReporter -->
<testsuite hostname="DESKTOP-DTSCL5H" ignored="3" name="CreateFolderTest" tests="2" failures="0" timestamp="21 Sep 2018 18:41:08 GMT" time="21.73" errors="0">
  <testcase name="logIn" time="9.405" classname="tests.LoginLogoutTests"/>
  <testcase name="createNewFolder" time="7.578" classname="tests.CreateNewFolderTests"/>
  <testcase name="@AfterTest cleanUp" time="0.0" classname="pages.BasePage">
    <ignored/>
  </testcase> <!-- @AfterTest cleanUp -->
  <testcase name="@BeforeTest testSetup" time="0.0" classname="pages.BasePage">
    <ignored/>
  </testcase> <!-- @BeforeTest testSetup -->
  <testcase name="logOut" time="0.0" classname="tests.LoginLogoutTests">
    <ignored/>
  </testcase> <!-- logOut -->
</testsuite> <!-- CreateFolderTest -->
