<?xml version="1.0" encoding="UTF-8"?>
<!-- Generated by org.testng.reporters.JUnitXMLReporter -->
<testsuite hostname="DESKTOP-DTSCL5H" ignored="5" name="SearchAndDelete" tests="4" failures="0" timestamp="21 Sep 2018 18:41:46 GMT" time="37.616" errors="0">
  <testcase name="logIn" time="10.479" classname="tests.LoginLogoutTests"/>
  <testcase name="createNewFolder" time="7.99" classname="tests.CreateNewFolderTests"/>
  <testcase name="deleteItem" time="8.834" classname="tests.SearchAndDeleteFileTests"/>
  <testcase name="undoDelete" time="5.608" classname="tests.SearchAndDeleteFileTests"/>
  <testcase name="@AfterTest cleanUp" time="0.0" classname="pages.BasePage">
    <ignored/>
  </testcase> <!-- @AfterTest cleanUp -->
  <testcase name="@AfterTest cleanUp" time="0.0" classname="pages.BasePage">
    <ignored/>
  </testcase> <!-- @AfterTest cleanUp -->
  <testcase name="@BeforeTest testSetup" time="0.0" classname="pages.BasePage">
    <ignored/>
  </testcase> <!-- @BeforeTest testSetup -->
  <testcase name="@BeforeTest testSetup" time="0.0" classname="pages.BasePage">
    <ignored/>
  </testcase> <!-- @BeforeTest testSetup -->
  <testcase name="logOut" time="0.0" classname="tests.LoginLogoutTests">
    <ignored/>
  </testcase> <!-- logOut -->
</testsuite> <!-- SearchAndDelete -->
