<?xml version="1.0" encoding="UTF-8"?>
<!-- Generated by org.testng.reporters.JUnitXMLReporter -->
<testsuite hostname="DESKTOP-DTSCL5H" ignored="3" name="UploadFileTest" tests="2" failures="0" timestamp="17 Sep 2018 21:30:19 GMT" time="14.035" errors="0">
  <testcase name="logIn" time="3.457" classname="tests.LoginLogoutPageTests"/>
  <testcase name="testAction" time="5.112" classname="tests.UploadFileTests"/>
  <testcase name="testAction" time="0.0" classname="tests.LoginLogoutPageTests">
    <ignored/>
  </testcase> <!-- testAction -->
  <testcase name="@AfterTest cleanUp" time="0.0" classname="pages.BasePage">
    <ignored/>
  </testcase> <!-- @AfterTest cleanUp -->
  <testcase name="@BeforeTest testSetup" time="0.0" classname="pages.BasePage">
    <ignored/>
  </testcase> <!-- @BeforeTest testSetup -->
</testsuite> <!-- UploadFileTest -->
